#
# There is insufficient memory for the Java Runtime Environment to continue.
# Native memory allocation (malloc) failed to allocate 110176 bytes for Chunk::new
# Possible reasons:
#   The system is out of physical RAM or swap space
#   The process is running with CompressedOops enabled, and the Java Heap may be blocking the growth of the native heap
# Possible solutions:
#   Reduce memory load on the system
#   Increase physical memory or swap space
#   Check if swap backing store is full
#   Decrease Java heap size (-Xmx/-Xms)
#   Decrease number of Java threads
#   Decrease Java thread stack sizes (-Xss)
#   Set larger code cache with -XX:ReservedCodeCacheSize=
#   JVM is running with Unscaled Compressed Oops mode in which the Java heap is
#     placed in the first 4GB address space. The Java Heap base address is the
#     maximum limit for the native heap growth. Please use -XX:HeapBaseMinAddress
#     to set the Java Heap base and to place the Java Heap above 4GB virtual address.
# This output file may be truncated or incomplete.
#
#  Out of Memory Error (allocation.cpp:389), pid=14260, tid=0x0000000000005364
#
# JRE version: OpenJDK Runtime Environment (8.0_242-b01) (build 1.8.0_242-release-1644-b01)
# Java VM: OpenJDK 64-Bit Server VM (25.242-b01 mixed mode windows-amd64 compressed oops)
# Failed to write core dump. Minidumps are not enabled by default on client versions of Windows
#

---------------  T H R E A D  ---------------

Current thread (0x00000000177bd000):  JavaThread "C1 CompilerThread2" daemon [_thread_in_native, id=21348, stack(0x0000000019010000,0x0000000019110000)]

Stack: [0x0000000019010000,0x0000000019110000]
[error occurred during error reporting (printing stack bounds), id 0xc0000005]

Native frames: (J=compiled Java code, j=interpreted, Vv=VM code, C=native code)


Current CompileTask:
C1:1170359 15844 %     3       com.android.tools.r8.code.v1::a @ 20 (4137 bytes)


---------------  P R O C E S S  ---------------

Java Threads: ( => current thread )
  0x000000001a7ac000 JavaThread "ForkJoinPool-3-worker-0" daemon [_thread_in_Java, id=15492, stack(0x000000002cc20000,0x000000002cd20000)]
  0x000000001a7aa800 JavaThread "ForkJoinPool-3-worker-3" daemon [_thread_blocked, id=21204, stack(0x000000002cb20000,0x000000002cc20000)]
  0x000000001a7ab800 JavaThread "ForkJoinPool-3-worker-2" daemon [_thread_in_Java, id=8592, stack(0x000000002b650000,0x000000002b750000)]
  0x000000001a7ae800 JavaThread "ForkJoinPool-3-worker-1" daemon [_thread_blocked, id=24860, stack(0x000000002b450000,0x000000002b550000)]
  0x000000001a7aa000 JavaThread "stdout" [_thread_in_native, id=22304, stack(0x000000002b350000,0x000000002b450000)]
  0x000000001a7a9000 JavaThread "stderr" [_thread_in_native, id=19640, stack(0x000000002b000000,0x000000002b100000)]
  0x000000001a7ad800 JavaThread "pool-8-thread-1" [_thread_blocked, id=18384, stack(0x000000002af00000,0x000000002b000000)]
  0x000000001a7ad000 JavaThread "WorkerExecutor Queue Thread 4" [_thread_blocked, id=10092, stack(0x000000002aa50000,0x000000002ab50000)]
  0x000000001a7a4000 JavaThread "WorkerExecutor Queue Thread 3" [_thread_blocked, id=14788, stack(0x000000002a950000,0x000000002aa50000)]
  0x000000001a7a7800 JavaThread "WorkerExecutor Queue Thread 2" [_thread_blocked, id=12112, stack(0x000000002a850000,0x000000002a950000)]
  0x000000001a7a0000 JavaThread "WorkerExecutor Queue" [_thread_blocked, id=11180, stack(0x000000002a750000,0x000000002a850000)]
  0x000000001a7a7000 JavaThread "Cache worker for execution history cache (D:\Projects\Android-Projects\HRMS-Syslync-APP\.gradle\6.5\executionHistory)" [_thread_blocked, id=24316, stack(0x0000000029e00000,0x0000000029f00000)]
  0x000000001a79f000 JavaThread "Execution worker for ':' Thread 3" [_thread_blocked, id=18692, stack(0x0000000029d00000,0x0000000029e00000)]
  0x000000001a7a5800 JavaThread "Execution worker for ':' Thread 2" [_thread_blocked, id=18580, stack(0x0000000029c00000,0x0000000029d00000)]
  0x000000001a7a0800 JavaThread "Execution worker for ':'" [_thread_blocked, id=25844, stack(0x0000000028bb0000,0x0000000028cb0000)]
  0x000000001a7a3000 JavaThread "Cache worker for file content cache (D:\Projects\Android-Projects\HRMS-Syslync-APP\.gradle\6.5\fileContent)" [_thread_blocked, id=12020, stack(0x0000000028350000,0x0000000028450000)]
  0x000000001a7a4800 JavaThread "Cache worker for Build Output Cleanup Cache (D:\Projects\Android-Projects\HRMS-Syslync-APP\.gradle\buildOutputCleanup)" [_thread_blocked, id=11972, stack(0x0000000028250000,0x0000000028350000)]
  0x000000001a7a1800 JavaThread "Build operations Thread 4" [_thread_blocked, id=5784, stack(0x0000000022350000,0x0000000022450000)]
  0x000000001fa15000 JavaThread "Build operations Thread 3" [_thread_blocked, id=5528, stack(0x0000000022250000,0x0000000022350000)]
  0x000000001fa13800 JavaThread "Build operations Thread 2" [_thread_blocked, id=19448, stack(0x0000000021a50000,0x0000000021b50000)]
  0x000000001fa0c000 JavaThread "Build operations" [_thread_blocked, id=24420, stack(0x0000000021250000,0x0000000021350000)]
  0x000000001fa0b000 JavaThread "Cache worker for cache directory md-rule (C:\Users\DELL\.gradle\caches\6.5\md-rule)" [_thread_blocked, id=24020, stack(0x0000000021150000,0x0000000021250000)]
  0x000000001fa11000 JavaThread "Cache worker for cache directory md-supplier (C:\Users\DELL\.gradle\caches\6.5\md-supplier)" [_thread_blocked, id=12756, stack(0x000000001d230000,0x000000001d330000)]
  0x000000001fa10800 JavaThread "Cache worker for checksums cache (D:\Projects\Android-Projects\HRMS-Syslync-APP\.gradle\checksums)" [_thread_blocked, id=7960, stack(0x000000001d130000,0x000000001d230000)]
  0x000000001fa0f000 JavaThread "Cache worker for file hash cache (D:\Projects\Android-Projects\HRMS-Syslync-APP\.gradle\6.5\fileHashes)" [_thread_blocked, id=7136, stack(0x000000001d030000,0x000000001d130000)]
  0x000000001fa0d800 JavaThread "Thread-250" [_thread_blocked, id=11552, stack(0x000000001cf30000,0x000000001d030000)]
  0x000000001fa08000 JavaThread "Stdin handler" [_thread_blocked, id=24380, stack(0x000000001cc30000,0x000000001cd30000)]
  0x000000001fa0e000 JavaThread "Asynchronous log dispatcher for DefaultDaemonConnection: socket connection from /127.0.0.1:55772 to /127.0.0.1:56059" [_thread_blocked, id=2152, stack(0x000000001c5f0000,0x000000001c6f0000)]
  0x000000001fa0c800 JavaThread "Cancel handler" [_thread_blocked, id=4224, stack(0x0000000000f30000,0x0000000001030000)]
  0x000000001fa09800 JavaThread "Handler for socket connection from /127.0.0.1:55772 to /127.0.0.1:56059" [_thread_in_native, id=23776, stack(0x0000000000e30000,0x0000000000f30000)]
  0x000000001fa07800 JavaThread "Cache worker for Java compile cache (C:\Users\DELL\.gradle\caches\6.5\javaCompile)" [_thread_blocked, id=23428, stack(0x000000002b550000,0x000000002b650000)]
  0x000000001df4b000 JavaThread "jar transforms Thread 184" [_thread_blocked, id=16920, stack(0x0000000028150000,0x0000000028250000)]
  0x000000001df4a000 JavaThread "jar transforms Thread 183" [_thread_blocked, id=23100, stack(0x0000000028050000,0x0000000028150000)]
  0x000000001df4b800 JavaThread "jar transforms Thread 182" [_thread_blocked, id=26268, stack(0x0000000027f50000,0x0000000028050000)]
  0x000000001df4c800 JavaThread "jar transforms Thread 181" [_thread_blocked, id=9780, stack(0x0000000027e50000,0x0000000027f50000)]
  0x000000001df48800 JavaThread "jar transforms Thread 180" [_thread_blocked, id=13464, stack(0x0000000027d50000,0x0000000027e50000)]
  0x000000001df49800 JavaThread "jar transforms Thread 179" [_thread_blocked, id=18280, stack(0x0000000027c50000,0x0000000027d50000)]
  0x000000001df41000 JavaThread "jar transforms Thread 178" [_thread_blocked, id=11952, stack(0x0000000027b50000,0x0000000027c50000)]
  0x000000001df48000 JavaThread "jar transforms Thread 177" [_thread_blocked, id=18972, stack(0x0000000027a50000,0x0000000027b50000)]
  0x000000001df40000 JavaThread "jar transforms Thread 176" [_thread_blocked, id=18236, stack(0x0000000027950000,0x0000000027a50000)]
  0x000000001df47000 JavaThread "jar transforms Thread 175" [_thread_blocked, id=7780, stack(0x0000000027850000,0x0000000027950000)]
  0x000000001df3f800 JavaThread "jar transforms Thread 174" [_thread_blocked, id=22364, stack(0x0000000027750000,0x0000000027850000)]
  0x000000001df46800 JavaThread "jar transforms Thread 173" [_thread_blocked, id=20268, stack(0x0000000027650000,0x0000000027750000)]
  0x000000001df3e800 JavaThread "jar transforms Thread 172" [_thread_blocked, id=13124, stack(0x0000000027550000,0x0000000027650000)]
  0x000000001df45800 JavaThread "jar transforms Thread 171" [_thread_blocked, id=11900, stack(0x0000000027450000,0x0000000027550000)]
  0x000000001df3e000 JavaThread "jar transforms Thread 170" [_thread_blocked, id=24784, stack(0x0000000027350000,0x0000000027450000)]
  0x000000001df44000 JavaThread "jar transforms Thread 169" [_thread_blocked, id=15096, stack(0x0000000027250000,0x0000000027350000)]
  0x000000001df45000 JavaThread "jar transforms Thread 168" [_thread_blocked, id=20764, stack(0x0000000027150000,0x0000000027250000)]
  0x000000001df42800 JavaThread "jar transforms Thread 167" [_thread_blocked, id=19404, stack(0x0000000027050000,0x0000000027150000)]
  0x000000001df43000 JavaThread "jar transforms Thread 166" [_thread_blocked, id=5284, stack(0x0000000026f50000,0x0000000027050000)]
  0x000000001df41800 JavaThread "jar transforms Thread 165" [_thread_blocked, id=20352, stack(0x0000000026e50000,0x0000000026f50000)]
  0x000000001abc8800 JavaThread "jar transforms Thread 164" [_thread_blocked, id=22060, stack(0x0000000026d50000,0x0000000026e50000)]
  0x000000001abce000 JavaThread "jar transforms Thread 163" [_thread_blocked, id=23020, stack(0x0000000026c50000,0x0000000026d50000)]
  0x000000001abc8000 JavaThread "jar transforms Thread 162" [_thread_blocked, id=4100, stack(0x0000000026b50000,0x0000000026c50000)]
  0x000000001abcd000 JavaThread "jar transforms Thread 161" [_thread_blocked, id=3616, stack(0x0000000026a50000,0x0000000026b50000)]
  0x000000001abc9800 JavaThread "jar transforms Thread 160" [_thread_blocked, id=17540, stack(0x0000000026950000,0x0000000026a50000)]
  0x000000001abcc800 JavaThread "jar transforms Thread 159" [_thread_blocked, id=3672, stack(0x0000000026850000,0x0000000026950000)]
  0x000000001abcb000 JavaThread "jar transforms Thread 158" [_thread_blocked, id=9428, stack(0x0000000026750000,0x0000000026850000)]
  0x000000001abcb800 JavaThread "jar transforms Thread 157" [_thread_blocked, id=9020, stack(0x0000000026650000,0x0000000026750000)]
  0x000000001abca000 JavaThread "jar transforms Thread 156" [_thread_blocked, id=13960, stack(0x0000000026550000,0x0000000026650000)]
  0x000000001abc7000 JavaThread "jar transforms Thread 155" [_thread_blocked, id=23736, stack(0x0000000026450000,0x0000000026550000)]
  0x000000001abbf800 JavaThread "jar transforms Thread 154" [_thread_blocked, id=16060, stack(0x0000000026350000,0x0000000026450000)]
  0x000000001abc6800 JavaThread "jar transforms Thread 153" [_thread_blocked, id=18732, stack(0x0000000026250000,0x0000000026350000)]
  0x000000001abbf000 JavaThread "jar transforms Thread 152" [_thread_blocked, id=17348, stack(0x0000000026150000,0x0000000026250000)]
  0x000000001abc1000 JavaThread "jar transforms Thread 151" [_thread_blocked, id=13024, stack(0x0000000026050000,0x0000000026150000)]
  0x000000001abc5800 JavaThread "jar transforms Thread 150" [_thread_blocked, id=23804, stack(0x0000000025f50000,0x0000000026050000)]
  0x000000001abc5000 JavaThread "jar transforms Thread 149" [_thread_blocked, id=17188, stack(0x0000000025e50000,0x0000000025f50000)]
  0x000000001abc4000 JavaThread "jar transforms Thread 148" [_thread_blocked, id=24320, stack(0x0000000025d50000,0x0000000025e50000)]
  0x000000001abc2000 JavaThread "jar transforms Thread 147" [_thread_blocked, id=4712, stack(0x0000000025c50000,0x0000000025d50000)]
  0x000000001abc0800 JavaThread "jar transforms Thread 146" [_thread_blocked, id=19752, stack(0x0000000025b50000,0x0000000025c50000)]
  0x000000001abc3800 JavaThread "jar transforms Thread 145" [_thread_blocked, id=25972, stack(0x0000000025a50000,0x0000000025b50000)]
  0x000000001abc2800 JavaThread "jar transforms Thread 144" [_thread_blocked, id=19820, stack(0x0000000025950000,0x0000000025a50000)]
  0x00000000177bc000 JavaThread "jar transforms Thread 143" [_thread_blocked, id=18444, stack(0x0000000025850000,0x0000000025950000)]
  0x00000000177c2000 JavaThread "jar transforms Thread 142" [_thread_blocked, id=10380, stack(0x0000000025750000,0x0000000025850000)]
  0x00000000177bf000 JavaThread "jar transforms Thread 141" [_thread_blocked, id=1756, stack(0x0000000025650000,0x0000000025750000)]
  0x00000000177c1800 JavaThread "jar transforms Thread 140" [_thread_blocked, id=9752, stack(0x0000000025550000,0x0000000025650000)]
  0x00000000177be800 JavaThread "jar transforms Thread 139" [_thread_blocked, id=19740, stack(0x0000000025450000,0x0000000025550000)]
  0x0000000019ebc000 JavaThread "jar transforms Thread 138" [_thread_blocked, id=10236, stack(0x0000000025350000,0x0000000025450000)]
  0x0000000019eba800 JavaThread "jar transforms Thread 137" [_thread_blocked, id=18132, stack(0x0000000025250000,0x0000000025350000)]
  0x0000000019eb9000 JavaThread "jar transforms Thread 136" [_thread_blocked, id=14588, stack(0x0000000025150000,0x0000000025250000)]
  0x0000000019ebb000 JavaThread "jar transforms Thread 135" [_thread_blocked, id=17892, stack(0x0000000025050000,0x0000000025150000)]
  0x0000000019ebd800 JavaThread "jar transforms Thread 134" [_thread_blocked, id=21908, stack(0x0000000024f50000,0x0000000025050000)]
  0x0000000019eb7800 JavaThread "jar transforms Thread 133" [_thread_blocked, id=14452, stack(0x0000000024e50000,0x0000000024f50000)]
  0x0000000019eb8000 JavaThread "jar transforms Thread 132" [_thread_blocked, id=22752, stack(0x0000000024d50000,0x0000000024e50000)]
  0x000000001ec90800 JavaThread "jar transforms Thread 131" [_thread_blocked, id=24504, stack(0x0000000024c50000,0x0000000024d50000)]
  0x000000001ec8f800 JavaThread "jar transforms Thread 130" [_thread_blocked, id=17160, stack(0x0000000024b50000,0x0000000024c50000)]
  0x000000001ec92000 JavaThread "jar transforms Thread 129" [_thread_blocked, id=7048, stack(0x0000000024a50000,0x0000000024b50000)]
  0x000000001ec8e000 JavaThread "jar transforms Thread 128" [_thread_blocked, id=15604, stack(0x0000000024950000,0x0000000024a50000)]
  0x000000001ec93800 JavaThread "jar transforms Thread 127" [_thread_blocked, id=16188, stack(0x0000000024850000,0x0000000024950000)]
  0x000000001ec8f000 JavaThread "jar transforms Thread 126" [_thread_blocked, id=24244, stack(0x0000000024750000,0x0000000024850000)]
  0x000000001ec92800 JavaThread "jar transforms Thread 125" [_thread_blocked, id=11204, stack(0x0000000024650000,0x0000000024750000)]
  0x000000001ec91000 JavaThread "jar transforms Thread 124" [_thread_blocked, id=9736, stack(0x0000000024550000,0x0000000024650000)]
  0x000000001ec89000 JavaThread "jar transforms Thread 123" [_thread_blocked, id=5404, stack(0x0000000024450000,0x0000000024550000)]
  0x000000001ec88000 JavaThread "jar transforms Thread 122" [_thread_blocked, id=14076, stack(0x0000000024350000,0x0000000024450000)]
  0x000000001ec86800 JavaThread "jar transforms Thread 121" [_thread_blocked, id=16928, stack(0x0000000024050000,0x0000000024150000)]
  0x000000001ec8d800 JavaThread "jar transforms Thread 120" [_thread_blocked, id=14744, stack(0x0000000023f50000,0x0000000024050000)]
  0x000000001ec87800 JavaThread "jar transforms Thread 119" [_thread_blocked, id=9156, stack(0x0000000023e50000,0x0000000023f50000)]
  0x000000001ec8c800 JavaThread "jar transforms Thread 118" [_thread_blocked, id=9536, stack(0x0000000023d50000,0x0000000023e50000)]
  0x000000001ec8b000 JavaThread "jar transforms Thread 117" [_thread_blocked, id=9900, stack(0x0000000023c50000,0x0000000023d50000)]
  0x000000001b603800 JavaThread "jar transforms Thread 116" [_thread_blocked, id=2980, stack(0x0000000023b50000,0x0000000023c50000)]
  0x000000001b603000 JavaThread "jar transforms Thread 115" [_thread_blocked, id=25004, stack(0x0000000023a50000,0x0000000023b50000)]
  0x000000001b602000 JavaThread "jar transforms Thread 114" [_thread_blocked, id=24868, stack(0x0000000023950000,0x0000000023a50000)]
  0x000000001b601800 JavaThread "jar transforms Thread 113" [_thread_blocked, id=24124, stack(0x0000000023850000,0x0000000023950000)]
  0x000000001b600000 JavaThread "jar transforms Thread 112" [_thread_blocked, id=18272, stack(0x0000000023750000,0x0000000023850000)]
  0x000000001b600800 JavaThread "jar transforms Thread 111" [_thread_blocked, id=3900, stack(0x0000000023650000,0x0000000023750000)]
  0x000000001b5f8800 JavaThread "jar transforms Thread 110" [_thread_blocked, id=19432, stack(0x0000000023550000,0x0000000023650000)]
  0x000000001b5ff000 JavaThread "jar transforms Thread 109" [_thread_blocked, id=20892, stack(0x0000000023450000,0x0000000023550000)]
  0x000000001b5fe800 JavaThread "jar transforms Thread 108" [_thread_blocked, id=25124, stack(0x0000000023350000,0x0000000023450000)]
  0x000000001b5fd800 JavaThread "jar transforms Thread 107" [_thread_blocked, id=9840, stack(0x0000000023250000,0x0000000023350000)]
  0x000000001b5f6000 JavaThread "jar transforms Thread 106" [_thread_blocked, id=13512, stack(0x0000000023150000,0x0000000023250000)]
  0x000000001b5f7800 JavaThread "jar transforms Thread 105" [_thread_blocked, id=11768, stack(0x0000000023050000,0x0000000023150000)]
  0x000000001b5fd000 JavaThread "jar transforms Thread 104" [_thread_blocked, id=5836, stack(0x0000000022f50000,0x0000000023050000)]
  0x000000001b5fc000 JavaThread "jar transforms Thread 103" [_thread_blocked, id=11652, stack(0x0000000022e50000,0x0000000022f50000)]
  0x000000001b5f4800 JavaThread "jar transforms Thread 102" [_thread_blocked, id=2336, stack(0x0000000022d50000,0x0000000022e50000)]
  0x000000001b5fa000 JavaThread "jar transforms Thread 101" [_thread_blocked, id=14344, stack(0x0000000022c50000,0x0000000022d50000)]
  0x000000001b5f9000 JavaThread "jar transforms Thread 100" [_thread_blocked, id=8444, stack(0x0000000022b50000,0x0000000022c50000)]
  0x000000001b5fb800 JavaThread "jar transforms Thread 99" [_thread_blocked, id=7788, stack(0x0000000022a50000,0x0000000022b50000)]
  0x000000001b5fa800 JavaThread "jar transforms Thread 98" [_thread_blocked, id=16248, stack(0x0000000022950000,0x0000000022a50000)]
  0x000000001eb76800 JavaThread "jar transforms Thread 97" [_thread_blocked, id=21020, stack(0x0000000022850000,0x0000000022950000)]
  0x000000001eb75000 JavaThread "jar transforms Thread 96" [_thread_blocked, id=9820, stack(0x0000000022750000,0x0000000022850000)]
  0x000000001eb76000 JavaThread "jar transforms Thread 95" [_thread_blocked, id=17612, stack(0x0000000022650000,0x0000000022750000)]
  0x000000001eb74800 JavaThread "jar transforms Thread 94" [_thread_blocked, id=17284, stack(0x0000000022550000,0x0000000022650000)]
  0x000000001eb73800 JavaThread "jar transforms Thread 93" [_thread_blocked, id=16436, stack(0x0000000022450000,0x0000000022550000)]
  0x000000001eb6a000 JavaThread "Daemon worker Thread 2" [_thread_blocked, id=26600, stack(0x000000001c4f0000,0x000000001c5f0000)]
  0x000000001eb6d000 JavaThread "Daemon Thread 2" [_thread_blocked, id=23304, stack(0x0000000000c10000,0x0000000000d10000)]
  0x000000001eb70800 JavaThread "Memory manager" [_thread_blocked, id=26536, stack(0x0000000028ec0000,0x0000000028fc0000)]
  0x00000000177c3000 JavaThread "Cache worker for file content cache (C:\Users\DELL\.gradle\caches\6.5\fileContent)" [_thread_blocked, id=22132, stack(0x0000000021b50000,0x0000000021c50000)]
  0x00000000177c0000 JavaThread "Cache worker for execution history cache (C:\Users\DELL\.gradle\caches\6.5\executionHistory)" [_thread_blocked, id=16956, stack(0x0000000021350000,0x0000000021450000)]
  0x00000000177c0800 JavaThread "Cache worker for file hash cache (C:\Users\DELL\.gradle\caches\6.5\fileHashes)" [_thread_blocked, id=19316, stack(0x000000001d830000,0x000000001d930000)]
  0x00000000177bd800 JavaThread "File lock request listener" [_thread_in_native, id=21140, stack(0x000000001d730000,0x000000001d830000)]
  0x000000001a634800 JavaThread "Cache worker for journal cache (C:\Users\DELL\.gradle\caches\journal-1)" [_thread_blocked, id=23536, stack(0x000000001d530000,0x000000001d630000)]
  0x000000001b0ff000 JavaThread "Daemon periodic checks" [_thread_blocked, id=15048, stack(0x000000001c930000,0x000000001ca30000)]
  0x000000001b0b5800 JavaThread "Incoming local TCP Connector on port 55772" [_thread_in_native, id=14528, stack(0x000000001c6f0000,0x000000001c7f0000)]
  0x000000001976a000 JavaThread "Daemon health stats" [_thread_blocked, id=15796, stack(0x000000001c0b0000,0x000000001c1b0000)]
  0x0000000019151800 JavaThread "Service Thread" daemon [_thread_blocked, id=18040, stack(0x0000000019510000,0x0000000019610000)]
=>0x00000000177bd000 JavaThread "C1 CompilerThread2" daemon [_thread_in_native, id=21348, stack(0x0000000019010000,0x0000000019110000)]
  0x00000000177ad000 JavaThread "C2 CompilerThread1" daemon [_thread_in_native, id=24356, stack(0x0000000018f10000,0x0000000019010000)]
  0x00000000177a9000 JavaThread "C2 CompilerThread0" daemon [_thread_in_native, id=22276, stack(0x0000000018e10000,0x0000000018f10000)]
  0x00000000177a7800 JavaThread "Attach Listener" daemon [_thread_blocked, id=5436, stack(0x0000000018d10000,0x0000000018e10000)]
  0x00000000177a6800 JavaThread "Signal Dispatcher" daemon [_thread_blocked, id=22684, stack(0x0000000018c10000,0x0000000018d10000)]
  0x0000000002b7c800 JavaThread "Finalizer" daemon [_thread_blocked, id=16532, stack(0x0000000018a10000,0x0000000018b10000)]
  0x0000000017789800 JavaThread "Reference Handler" daemon [_thread_blocked, id=6372, stack(0x0000000018910000,0x0000000018a10000)]
  0x0000000002a7e000 JavaThread "main" [_thread_blocked, id=14176, stack(0x0000000002970000,0x0000000002a70000)]

Other Threads:
  0x0000000017766000 VMThread [stack: 0x0000000018810000,0x0000000018910000] [id=13808]
  0x00000000177fe800 WatcherThread [stack: 0x0000000019610000,0x0000000019710000] [id=8792]

VM state:not at safepoint (normal execution)

VM Mutex/Monitor currently owned by a thread: None

heap address: 0x0000000080000000, size: 2048 MB, Compressed Oops mode: 32-bit
Narrow klass base: 0x0000000000000000, Narrow klass shift: 3
Compressed class space size: 1073741824 Address: 0x0000000100000000

Heap:
 PSYoungGen      total 351744K, used 145424K [0x00000000d5580000, 0x00000000f1500000, 0x0000000100000000)
  eden space 330240K, 37% used [0x00000000d5580000,0x00000000dce85038,0x00000000e9800000)
  from space 21504K, 99% used [0x00000000e9800000,0x00000000eacff110,0x00000000ead00000)
  to   space 26624K, 0% used [0x00000000efb00000,0x00000000efb00000,0x00000000f1500000)
 ParOldGen       total 100864K, used 62939K [0x0000000080000000, 0x0000000086280000, 0x00000000d5580000)
  object space 100864K, 62% used [0x0000000080000000,0x0000000083d76d18,0x0000000086280000)
 Metaspace       used 93017K, capacity 98100K, committed 98200K, reserved 1134592K
  class space    used 12307K, capacity 13212K, committed 13232K, reserved 1048576K

Card table byte_map: [0x0000000011f40000,0x0000000012350000] byte_map_base: 0x0000000011b40000

Marking Bits: (ParMarkBitMap*) 0x000000005a34f030
 Begin Bits: [0x0000000012a00000, 0x0000000014a00000)
 End Bits:   [0x0000000014a00000, 0x0000000016a00000)

Polling page: 0x00000000010e0000

CodeCache: size=245760Kb used=42920Kb max_used=42920Kb free=202839Kb
 bounds [0x0000000002b80000, 0x00000000055a0000, 0x0000000011b80000]
 total_blobs=14054 nmethods=13178 adapters=787
 compilation: enabled

Compilation events (10 events):
Event: 1170.320 Thread 0x00000000177bd000 nmethod 15835 0x000000000559a9d0 code [0x000000000559ac40, 0x000000000559b678]
Event: 1170.320 Thread 0x00000000177bd000 15837       2       com.android.tools.r8.code.O0::<init> (20 bytes)
Event: 1170.320 Thread 0x00000000177bd000 nmethod 15837 0x000000000559bd90 code [0x000000000559bf00, 0x000000000559c128]
Event: 1170.320 Thread 0x00000000177bd000 15839       2       com.android.tools.r8.t.a.a.a.h.f0::put (278 bytes)
Event: 1170.321 Thread 0x00000000177bd000 nmethod 15839 0x000000000559c2d0 code [0x000000000559c4c0, 0x000000000559cb68]
Event: 1170.321 Thread 0x00000000177bd000 15840       2       com.android.tools.r8.q.a.a.a.v::equivalent (27 bytes)
Event: 1170.321 Thread 0x00000000177bd000 nmethod 15840 0x000000000559d150 code [0x000000000559d2c0, 0x000000000559d488]
Event: 1170.321 Thread 0x00000000177bd000 15838       2       com.android.tools.r8.code.O0::hashCode (21 bytes)
Event: 1170.322 Thread 0x00000000177bd000 nmethod 15838 0x000000000559d510 code [0x000000000559d680, 0x000000000559d828]
Event: 1170.327 Thread 0x00000000177bd000 15844 %     3       com.android.tools.r8.code.v1::a @ 20 (4137 bytes)

GC Heap History (10 events):
Event: 9.359 GC heap before
{Heap before GC invocations=14 (full 3):
 PSYoungGen      total 206848K, used 13309K [0x00000000d5580000, 0x00000000e7f80000, 0x0000000100000000)
  eden space 193536K, 0% used [0x00000000d5580000,0x00000000d5580000,0x00000000e1280000)
  from space 13312K, 99% used [0x00000000e1280000,0x00000000e1f7f4d0,0x00000000e1f80000)
  to   space 20480K, 0% used [0x00000000e6b80000,0x00000000e6b80000,0x00000000e7f80000)
 ParOldGen       total 64000K, used 31526K [0x0000000080000000, 0x0000000083e80000, 0x00000000d5580000)
  object space 64000K, 49% used [0x0000000080000000,0x0000000081ec9b30,0x0000000083e80000)
 Metaspace       used 56773K, capacity 59108K, committed 59160K, reserved 1099776K
  class space    used 7764K, capacity 8233K, committed 8240K, reserved 1048576K
Event: 9.599 GC heap after
Heap after GC invocations=14 (full 3):
 PSYoungGen      total 206848K, used 0K [0x00000000d5580000, 0x00000000e7f80000, 0x0000000100000000)
  eden space 193536K, 0% used [0x00000000d5580000,0x00000000d5580000,0x00000000e1280000)
  from space 13312K, 0% used [0x00000000e1280000,0x00000000e1280000,0x00000000e1f80000)
  to   space 20480K, 0% used [0x00000000e6b80000,0x00000000e6b80000,0x00000000e7f80000)
 ParOldGen       total 100864K, used 39335K [0x0000000080000000, 0x0000000086280000, 0x00000000d5580000)
  object space 100864K, 38% used [0x0000000080000000,0x0000000082669d10,0x0000000086280000)
 Metaspace       used 56760K, capacity 59066K, committed 59160K, reserved 1099776K
  class space    used 7760K, capacity 8226K, committed 8240K, reserved 1048576K
}
Event: 12.297 GC heap before
{Heap before GC invocations=15 (full 3):
 PSYoungGen      total 206848K, used 193536K [0x00000000d5580000, 0x00000000e7f80000, 0x0000000100000000)
  eden space 193536K, 100% used [0x00000000d5580000,0x00000000e1280000,0x00000000e1280000)
  from space 13312K, 0% used [0x00000000e1280000,0x00000000e1280000,0x00000000e1f80000)
  to   space 20480K, 0% used [0x00000000e6b80000,0x00000000e6b80000,0x00000000e7f80000)
 ParOldGen       total 100864K, used 39335K [0x0000000080000000, 0x0000000086280000, 0x00000000d5580000)
  object space 100864K, 38% used [0x0000000080000000,0x0000000082669d10,0x0000000086280000)
 Metaspace       used 64567K, capacity 67410K, committed 67608K, reserved 1107968K
  class space    used 8887K, capacity 9476K, committed 9520K, reserved 1048576K
Event: 12.318 GC heap after
Heap after GC invocations=15 (full 3):
 PSYoungGen      total 280576K, used 16724K [0x00000000d5580000, 0x00000000e7f00000, 0x0000000100000000)
  eden space 260608K, 0% used [0x00000000d5580000,0x00000000d5580000,0x00000000e5400000)
  from space 19968K, 83% used [0x00000000e6b80000,0x00000000e7bd53f8,0x00000000e7f00000)
  to   space 22016K, 0% used [0x00000000e5400000,0x00000000e5400000,0x00000000e6980000)
 ParOldGen       total 100864K, used 39343K [0x0000000080000000, 0x0000000086280000, 0x00000000d5580000)
  object space 100864K, 39% used [0x0000000080000000,0x000000008266bd10,0x0000000086280000)
 Metaspace       used 64567K, capacity 67410K, committed 67608K, reserved 1107968K
  class space    used 8887K, capacity 9476K, committed 9520K, reserved 1048576K
}
Event: 1111.769 GC heap before
{Heap before GC invocations=16 (full 3):
 PSYoungGen      total 280576K, used 277332K [0x00000000d5580000, 0x00000000e7f00000, 0x0000000100000000)
  eden space 260608K, 100% used [0x00000000d5580000,0x00000000e5400000,0x00000000e5400000)
  from space 19968K, 83% used [0x00000000e6b80000,0x00000000e7bd53f8,0x00000000e7f00000)
  to   space 22016K, 0% used [0x00000000e5400000,0x00000000e5400000,0x00000000e6980000)
 ParOldGen       total 100864K, used 39343K [0x0000000080000000, 0x0000000086280000, 0x00000000d5580000)
  object space 100864K, 39% used [0x0000000080000000,0x000000008266bd10,0x0000000086280000)
 Metaspace       used 73110K, capacity 76404K, committed 76696K, reserved 1116160K
  class space    used 9738K, capacity 10363K, committed 10416K, reserved 1048576K
Event: 1111.869 GC heap after
Heap after GC invocations=16 (full 3):
 PSYoungGen      total 282624K, used 14402K [0x00000000d5580000, 0x00000000ecd00000, 0x0000000100000000)
  eden space 260608K, 0% used [0x00000000d5580000,0x00000000d5580000,0x00000000e5400000)
  from space 22016K, 65% used [0x00000000e5400000,0x00000000e62108c8,0x00000000e6980000)
  to   space 22528K, 0% used [0x00000000eb700000,0x00000000eb700000,0x00000000ecd00000)
 ParOldGen       total 100864K, used 49655K [0x0000000080000000, 0x0000000086280000, 0x00000000d5580000)
  object space 100864K, 49% used [0x0000000080000000,0x000000008307dcf8,0x0000000086280000)
 Metaspace       used 73110K, capacity 76404K, committed 76696K, reserved 1116160K
  class space    used 9738K, capacity 10363K, committed 10416K, reserved 1048576K
}
Event: 1116.350 GC heap before
{Heap before GC invocations=17 (full 3):
 PSYoungGen      total 282624K, used 275010K [0x00000000d5580000, 0x00000000ecd00000, 0x0000000100000000)
  eden space 260608K, 100% used [0x00000000d5580000,0x00000000e5400000,0x00000000e5400000)
  from space 22016K, 65% used [0x00000000e5400000,0x00000000e62108c8,0x00000000e6980000)
  to   space 22528K, 0% used [0x00000000eb700000,0x00000000eb700000,0x00000000ecd00000)
 ParOldGen       total 100864K, used 49655K [0x0000000080000000, 0x0000000086280000, 0x00000000d5580000)
  object space 100864K, 49% used [0x0000000080000000,0x000000008307dcf8,0x0000000086280000)
 Metaspace       used 75925K, capacity 79348K, committed 79512K, reserved 1118208K
  class space    used 10012K, capacity 10665K, committed 10672K, reserved 1048576K
Event: 1116.374 GC heap after
Heap after GC invocations=17 (full 3):
 PSYoungGen      total 341504K, used 11223K [0x00000000d5580000, 0x00000000ec200000, 0x0000000100000000)
  eden space 330240K, 0% used [0x00000000d5580000,0x00000000d5580000,0x00000000e9800000)
  from space 11264K, 99% used [0x00000000eb700000,0x00000000ec1f5c68,0x00000000ec200000)
  to   space 21504K, 0% used [0x00000000e9800000,0x00000000e9800000,0x00000000ead00000)
 ParOldGen       total 100864K, used 57340K [0x0000000080000000, 0x0000000086280000, 0x00000000d5580000)
  object space 100864K, 56% used [0x0000000080000000,0x00000000837ff040,0x0000000086280000)
 Metaspace       used 75925K, capacity 79348K, committed 79512K, reserved 1118208K
  class space    used 10012K, capacity 10665K, committed 10672K, reserved 1048576K
}
Event: 1169.197 GC heap before
{Heap before GC invocations=18 (full 3):
 PSYoungGen      total 341504K, used 341463K [0x00000000d5580000, 0x00000000ec200000, 0x0000000100000000)
  eden space 330240K, 100% used [0x00000000d5580000,0x00000000e9800000,0x00000000e9800000)
  from space 11264K, 99% used [0x00000000eb700000,0x00000000ec1f5c68,0x00000000ec200000)
  to   space 21504K, 0% used [0x00000000e9800000,0x00000000e9800000,0x00000000ead00000)
 ParOldGen       total 100864K, used 57340K [0x0000000080000000, 0x0000000086280000, 0x00000000d5580000)
  object space 100864K, 56% used [0x0000000080000000,0x00000000837ff040,0x0000000086280000)
 Metaspace       used 92605K, capacity 97608K, committed 97688K, reserved 1134592K
  class space    used 12278K, capacity 13188K, committed 13232K, reserved 1048576K
Event: 1169.248 GC heap after
Heap after GC invocations=18 (full 3):
 PSYoungGen      total 351744K, used 21500K [0x00000000d5580000, 0x00000000f1500000, 0x0000000100000000)
  eden space 330240K, 0% used [0x00000000d5580000,0x00000000d5580000,0x00000000e9800000)
  from space 21504K, 99% used [0x00000000e9800000,0x00000000eacff110,0x00000000ead00000)
  to   space 26624K, 0% used [0x00000000efb00000,0x00000000efb00000,0x00000000f1500000)
 ParOldGen       total 100864K, used 62939K [0x0000000080000000, 0x0000000086280000, 0x00000000d5580000)
  object space 100864K, 62% used [0x0000000080000000,0x0000000083d76d18,0x0000000086280000)
 Metaspace       used 92605K, capacity 97608K, committed 97688K, reserved 1134592K
  class space    used 12278K, capacity 13188K, committed 13232K, reserved 1048576K
}

Deoptimization events (10 events):
Event: 1169.386 Thread 0x000000001a7a5800 Uncommon trap: reason=class_check action=maybe_recompile pc=0x0000000005440f78 method=org.gradle.api.internal.artifacts.transform.TransformationStep$$Lambda$540/871301759.apply(Ljava/lang/Object;)Ljava/lang/Object; @ 13
Event: 1169.386 Thread 0x000000001a7a5800 Uncommon trap: reason=class_check action=maybe_recompile pc=0x00000000048bde6c method=org.gradle.api.internal.artifacts.transform.DefaultTransformerInvocationFactory.createInvocation(Lorg/gradle/api/internal/artifacts/transform/Transformer;Ljava/io/File;L
Event: 1169.500 Thread 0x000000001a7a5800 Uncommon trap: reason=unstable_if action=reinterpret pc=0x0000000003eebe1c method=com.google.common.cache.LocalCache.isExpired(Lcom/google/common/cache/ReferenceEntry;J)Z @ 9
Event: 1169.557 Thread 0x000000001a7a5800 Uncommon trap: reason=array_check action=maybe_recompile pc=0x0000000005424d08 method=java.util.TimSort.binarySort([Ljava/lang/Object;IIILjava/util/Comparator;)V @ 193
Event: 1169.590 Thread 0x000000001a7a5800 Uncommon trap: reason=unstable_if action=reinterpret pc=0x0000000003ee95bc method=com.google.common.cache.LocalCache.isExpired(Lcom/google/common/cache/ReferenceEntry;J)Z @ 9
Event: 1170.031 Thread 0x000000001fa0c000 Uncommon trap: reason=unstable_if action=reinterpret pc=0x000000000452f1e0 method=java.util.concurrent.ArrayBlockingQueue.enqueue(Ljava/lang/Object;)V @ 25
Event: 1170.113 Thread 0x000000001a7a0800 Uncommon trap: reason=array_check action=maybe_recompile pc=0x00000000054ebcb0 method=java.util.TimSort.binarySort([Ljava/lang/Object;IIILjava/util/Comparator;)V @ 215
Event: 1170.227 Thread 0x000000001a7ad000 Uncommon trap: reason=array_check action=maybe_recompile pc=0x00000000054ebcb0 method=java.util.TimSort.binarySort([Ljava/lang/Object;IIILjava/util/Comparator;)V @ 215
Event: 1170.263 Thread 0x000000001a7ae800 Uncommon trap: reason=unstable_if action=reinterpret pc=0x0000000005202240 method=com.android.tools.r8.dex.n$d.a(Lcom/android/tools/r8/graph/b0;)Lcom/android/tools/r8/graph/Y; @ 13
Event: 1170.275 Thread 0x000000001a7ae800 Uncommon trap: reason=unstable_if action=reinterpret pc=0x0000000005239618 method=com.android.tools.r8.dex.n.i()Lcom/android/tools/r8/graph/l0; @ 54

Classes redefined (0 events):
No events

Internal exceptions (10 events):
Event: 1119.062 Thread 0x000000001a7a4000 Exception <a 'sun/nio/fs/WindowsException'> (0x00000000df2df6a0) thrown at [C:\src\AOSP-openjdk-git\hotspot\src\share\vm\prims\jni.cpp, line 710]
Event: 1119.153 Thread 0x000000001a7a4000 Exception <a 'sun/nio/fs/WindowsException'> (0x00000000df9aa270) thrown at [C:\src\AOSP-openjdk-git\hotspot\src\share\vm\prims\jni.cpp, line 710]
Event: 1119.239 Thread 0x000000001a79f000 Exception <a 'java/lang/NoSuchMethodError': <clinit>> (0x00000000dfb24c40) thrown at [C:\src\AOSP-openjdk-git\hotspot\src\share\vm\prims\jni.cpp, line 1615]
Event: 1119.278 Thread 0x000000001a7aa000 Exception <a 'sun/nio/fs/WindowsException'> (0x00000000dfcfbfc8) thrown at [C:\src\AOSP-openjdk-git\hotspot\src\share\vm\prims\jni.cpp, line 710]
Event: 1119.402 Thread 0x000000001fa11000 Implicit null exception at 0x00000000034bef6f to 0x00000000034bf061
Event: 1119.598 Thread 0x000000001fa10800 Exception <a 'sun/nio/fs/WindowsException'> (0x00000000e147ca50) thrown at [C:\src\AOSP-openjdk-git\hotspot\src\share\vm\prims\jni.cpp, line 710]
Event: 1168.002 Thread 0x000000001eb6a000 Exception <a 'sun/nio/fs/WindowsException'> (0x00000000e4ef62e8) thrown at [C:\src\AOSP-openjdk-git\hotspot\src\share\vm\prims\jni.cpp, line 710]
Event: 1169.070 Thread 0x000000001a7a5800 Exception <a 'sun/nio/fs/WindowsException'> (0x00000000e8e94820) thrown at [C:\src\AOSP-openjdk-git\hotspot\src\share\vm\prims\jni.cpp, line 710]
Event: 1169.071 Thread 0x000000001a7a5800 Exception <a 'sun/nio/fs/WindowsException'> (0x00000000e8e95540) thrown at [C:\src\AOSP-openjdk-git\hotspot\src\share\vm\prims\jni.cpp, line 710]
Event: 1169.932 Thread 0x000000001a7a7800 Exception <a 'sun/nio/fs/WindowsException'> (0x00000000d936e148) thrown at [C:\src\AOSP-openjdk-git\hotspot\src\share\vm\prims\jni.cpp, line 710]

Events (10 events):
Event: 1170.315 loading class com/android/tools/r8/t/a/a/a/h/f0$d
Event: 1170.315 loading class com/android/tools/r8/t/a/a/a/h/f0$d done
Event: 1170.316 loading class com/android/tools/r8/t/a/a/a/h/g0
Event: 1170.316 loading class com/android/tools/r8/t/a/a/a/h/g0 done
Event: 1170.323 Thread 0x000000001a7ac000 DEOPT PACKING pc=0x000000000521f908 sp=0x000000002cd1ea20
Event: 1170.323 Thread 0x000000001a7ac000 DEOPT UNPACKING pc=0x0000000002bc75d0 sp=0x000000002cd1e720 mode 0
Event: 1170.340 Thread 0x000000001a7ab800 DEOPT PACKING pc=0x000000000521f908 sp=0x000000002b74e4d0
Event: 1170.340 Thread 0x000000001a7ab800 DEOPT UNPACKING pc=0x0000000002bc75d0 sp=0x000000002b74e1d0 mode 0
Event: 1170.348 Thread 0x000000001a7ab800 DEOPT PACKING pc=0x000000000521f908 sp=0x000000002b74e4d0
Event: 1170.348 Thread 0x000000001a7ab800 DEOPT UNPACKING pc=0x0000000002bc75d0 sp=0x000000002b74e1d0 mode 0


Dynamic libraries:
0x00007ff7ed8c0000 - 0x00007ff7ed8f1000 	C:\Program Files\Android\Android Studio\jre\bin\java.exe
0x00007ffea37f0000 - 0x00007ffea39e6000 	C:\WINDOWS\SYSTEM32\ntdll.dll
0x00007ffea1a00000 - 0x00007ffea1abd000 	C:\WINDOWS\System32\KERNEL32.DLL
0x00007ffea0f60000 - 0x00007ffea1229000 	C:\WINDOWS\System32\KERNELBASE.dll
0x00007ffea2b20000 - 0x00007ffea2bcc000 	C:\WINDOWS\System32\ADVAPI32.dll
0x00007ffea1ed0000 - 0x00007ffea1f6e000 	C:\WINDOWS\System32\msvcrt.dll
0x00007ffea2f60000 - 0x00007ffea2ffc000 	C:\WINDOWS\System32\sechost.dll
0x00007ffea3570000 - 0x00007ffea369b000 	C:\WINDOWS\System32\RPCRT4.dll
0x00007ffea2d60000 - 0x00007ffea2f00000 	C:\WINDOWS\System32\USER32.dll
0x00007ffea1630000 - 0x00007ffea1652000 	C:\WINDOWS\System32\win32u.dll
0x00007ffea21f0000 - 0x00007ffea221a000 	C:\WINDOWS\System32\GDI32.dll
0x00007ffea1520000 - 0x00007ffea162b000 	C:\WINDOWS\System32\gdi32full.dll
0x00007ffea1660000 - 0x00007ffea16fd000 	C:\WINDOWS\System32\msvcp_win.dll
0x00007ffea1700000 - 0x00007ffea1800000 	C:\WINDOWS\System32\ucrtbase.dll
0x00007ffe8fe70000 - 0x00007ffe9010b000 	C:\WINDOWS\WinSxS\amd64_microsoft.windows.common-controls_6595b64144ccf1df_6.0.19041.746_none_ca02b4b61b8320a4\COMCTL32.dll
0x00007ffea3000000 - 0x00007ffea3030000 	C:\WINDOWS\System32\IMM32.DLL
0x0000000059110000 - 0x00000000591e2000 	C:\Program Files\Android\Android Studio\jre\jre\bin\msvcr100.dll
0x0000000059b80000 - 0x000000005a3cb000 	C:\Program Files\Android\Android Studio\jre\jre\bin\server\jvm.dll
0x00007ffea21e0000 - 0x00007ffea21e8000 	C:\WINDOWS\System32\PSAPI.DLL
0x00007ffe93080000 - 0x00007ffe930a7000 	C:\WINDOWS\SYSTEM32\WINMM.dll
0x00007ffe8e930000 - 0x00007ffe8e939000 	C:\WINDOWS\SYSTEM32\WSOCK32.dll
0x00007ffea3500000 - 0x00007ffea356b000 	C:\WINDOWS\System32\WS2_32.dll
0x00007ffe96560000 - 0x00007ffe9656a000 	C:\WINDOWS\SYSTEM32\VERSION.dll
0x00007ffe9e360000 - 0x00007ffe9e36f000 	C:\Program Files\Android\Android Studio\jre\jre\bin\verify.dll
0x00007ffe925a0000 - 0x00007ffe925c9000 	C:\Program Files\Android\Android Studio\jre\jre\bin\java.dll
0x00007ffe92be0000 - 0x00007ffe92bf6000 	C:\Program Files\Android\Android Studio\jre\jre\bin\zip.dll
0x00007ffea23d0000 - 0x00007ffea2b12000 	C:\WINDOWS\System32\SHELL32.dll
0x00007ffe9ecb0000 - 0x00007ffe9f440000 	C:\WINDOWS\SYSTEM32\windows.storage.dll
0x00007ffea1b70000 - 0x00007ffea1ec6000 	C:\WINDOWS\System32\combase.dll
0x00007ffea08c0000 - 0x00007ffea08ec000 	C:\WINDOWS\SYSTEM32\Wldp.dll
0x00007ffea1ac0000 - 0x00007ffea1b6e000 	C:\WINDOWS\System32\SHCORE.dll
0x00007ffea1f90000 - 0x00007ffea1fe5000 	C:\WINDOWS\System32\shlwapi.dll
0x00007ffea0e60000 - 0x00007ffea0e86000 	C:\WINDOWS\SYSTEM32\profapi.dll
0x00007ffe927b0000 - 0x00007ffe927ca000 	C:\Program Files\Android\Android Studio\jre\jre\bin\net.dll
0x00007ffea0640000 - 0x00007ffea06aa000 	C:\WINDOWS\system32\mswsock.dll
0x00007ffe92550000 - 0x00007ffe92563000 	C:\Program Files\Android\Android Studio\jre\jre\bin\nio.dll
0x00007ffe92ed0000 - 0x00007ffe92ef7000 	C:\Users\DELL\.gradle\native\f6784746aeab05261644944871eae4fe03e0ef1612fff0a4a95f87b438bc6780\windows-amd64\native-platform.dll
0x00007ffe9e330000 - 0x00007ffe9e33d000 	C:\Program Files\Android\Android Studio\jre\jre\bin\management.dll
0x00007ffea0810000 - 0x00007ffea0828000 	C:\WINDOWS\SYSTEM32\CRYPTSP.dll
0x00007ffe9ffe0000 - 0x00007ffea0014000 	C:\WINDOWS\system32\rsaenh.dll
0x00007ffea0f30000 - 0x00007ffea0f57000 	C:\WINDOWS\System32\bcrypt.dll
0x00007ffea0e20000 - 0x00007ffea0e4e000 	C:\WINDOWS\SYSTEM32\USERENV.dll
0x00007ffea13f0000 - 0x00007ffea1470000 	C:\WINDOWS\System32\bcryptprimitives.dll
0x00007ffea0830000 - 0x00007ffea083c000 	C:\WINDOWS\SYSTEM32\CRYPTBASE.dll
0x00007ffea0330000 - 0x00007ffea036b000 	C:\WINDOWS\SYSTEM32\IPHLPAPI.DLL
0x00007ffea2230000 - 0x00007ffea2238000 	C:\WINDOWS\System32\NSI.dll
0x00007ffe96570000 - 0x00007ffe96587000 	C:\WINDOWS\SYSTEM32\dhcpcsvc6.DLL
0x00007ffe96660000 - 0x00007ffe9667d000 	C:\WINDOWS\SYSTEM32\dhcpcsvc.DLL
0x00007ffea0370000 - 0x00007ffea043b000 	C:\WINDOWS\SYSTEM32\DNSAPI.dll
0x00007ffe98290000 - 0x00007ffe9829b000 	C:\WINDOWS\SYSTEM32\WINNSI.DLL

VM Arguments:
jvm_args: -Xmx2048m -Dfile.encoding=UTF-8 -Duser.country=US -Duser.language=en -Duser.variant 
java_command: org.gradle.launcher.daemon.bootstrap.GradleDaemon 6.5
java_class_path (initial): C:\Users\DELL\.gradle\wrapper\dists\gradle-6.5-bin\6nifqtx7604sqp1q6g8wikw7p\gradle-6.5\lib\gradle-launcher-6.5.jar
Launcher Type: SUN_STANDARD

Environment Variables:
PATH=D:\app\product\11.2.0\client_1\bin;D:\app\DELL\product\11.2.0\dbhome_1\bin;D:\app\product\11.2.0\dbhome_1\bin;C:\WINDOWS\system32;C:\WINDOWS;C:\WINDOWS\System32\Wbem;C:\WINDOWS\System32\WindowsPowerShell\v1.0\;C:\WINDOWS\System32\OpenSSH\;C:\Program Files\dotnet\;C:\Program Files\Microsoft SQL Server\130\Tools\Binn\;C:\Program Files\Microsoft SQL Server\Client SDK\ODBC\170\Tools\Binn\;C:\Program Files (x86)\NetSarang\Xshell 7\;C:\Program Files\Java\jdk-14.0.1\bin;C:\Program Files\Git\cmd;C:\Program Files (x86)\dotnet\;C:\Program Files\nodejs\;C:\Program Files\Microsoft SQL Server\120\DTS\Binn\;C:\Program Files\Microsoft SQL Server\Client SDK\ODBC\110\Tools\Binn\;C:\Program Files (x86)\Microsoft SQL Server\120\Tools\Binn\;C:\Program Files\Microsoft SQL Server\120\Tools\Binn\;C:\Program Files (x86)\Microsoft SQL Server\120\Tools\Binn\ManagementStudio\;C:\Program Files (x86)\Microsoft SQL Server\120\DTS\Binn\;C:\Users\DELL\AppData\Local\Microsoft\WindowsApps;C:\Users\DELL\.dotnet\tools;C:\Users\DELL\AppData\Local\GitHubDesktop\bin;C:\Users\DELL\AppData\Local\Programs\Microsoft VS Code\bin;C:\Users\DELL\AppData\Roaming\npm
USERNAME=DELL
OS=Windows_NT
PROCESSOR_IDENTIFIER=Intel64 Family 6 Model 142 Stepping 9, GenuineIntel



---------------  S Y S T E M  ---------------

OS: Windows 10.0 , 64 bit Build 19041 (10.0.19041.804)

CPU:total 4 (initial active 4) (2 cores per cpu, 2 threads per core) family 6 model 142 stepping 9, cmov, cx8, fxsr, mmx, sse, sse2, sse3, ssse3, sse4.1, sse4.2, popcnt, avx, avx2, aes, clmul, erms, rtm, 3dnowpref, lzcnt, ht, tsc, tscinvbit, bmi1, bmi2, adx

Memory: 4k page, physical 8267900k(1153896k free), swap 23814008k(4144k free)

vm_info: OpenJDK 64-Bit Server VM (25.242-b01) for windows-amd64 JRE (1.8.0_242-release-1644-b01), built by "builder" with MS VC++ 10.0 (VS2010)

time: Fri Feb 26 14:40:09 2021
timezone: Pakistan Standard Time
elapsed time: 1170 seconds (0d 0h 19m 30s)

